<?xml version="1.0" encoding="UTF-8"?>
<!-- Generated by org.testng.reporters.JUnitXMLReporter -->
<testsuite ignored="0" hostname="DESKTOP-9QNQ3PS" failures="0" tests="4" name="orgTest" time="14.877" errors="0" timestamp="2024-06-19T12:38:40 IST">
  <testcase classname="com.vtiger.baseutitlity.BaseClass" name="@BeforeMethod congigBM" time="12.265">
    <failure type="org.openqa.selenium.NoSuchElementException" message="no such element: Unable to locate element: {&amp;quot;method&amp;quot;:&amp;quot;css selector&amp;quot;,&amp;quot;selector&amp;quot;:&amp;quot;*[name=&amp;apos;user_name&amp;apos;]&amp;quot;}
  (Session info: chrome=126.0.6478.61)
For documentation on this error, please visit: https://www.selenium.dev/documentation/webdriver/troubleshooting/errors#no-such-element-exception
Build info: version: &amp;apos;4.18.1&amp;apos;, revision: &amp;apos;b1d3319b48&amp;apos;
System info: os.name: &amp;apos;Windows 10&amp;apos;, os.arch: &amp;apos;amd64&amp;apos;, os.version: &amp;apos;10.0&amp;apos;, java.version: &amp;apos;17.0.9&amp;apos;
Driver info: org.openqa.selenium.chrome.ChromeDriver
Command: [2500841530b0caf98f0e6ec387b9cec4, findElement {using=name, value=user_name}]
Capabilities {acceptInsecureCerts: false, browserName: chrome, browserVersion: 126.0.6478.61, chrome: {chromedriverVersion: 126.0.6478.62 (b2781ca4c383..., userDataDir: C:\Users\msamo\AppData\Loca...}, fedcm:accounts: true, goog:chromeOptions: {debuggerAddress: localhost:56356}, networkConnectionEnabled: false, pageLoadStrategy: normal, platformName: windows, proxy: Proxy(), se:cdp: ws://localhost:56356/devtoo..., se:cdpVersion: 126.0.6478.61, setWindowRect: true, strictFileInteractability: false, timeouts: {implicit: 0, pageLoad: 300000, script: 30000}, unhandledPromptBehavior: dismiss and notify, webauthn:extension:credBlob: true, webauthn:extension:largeBlob: true, webauthn:extension:minPinLength: true, webauthn:extension:prf: true, webauthn:virtualAuthenticators: true}
Session ID: 2500841530b0caf98f0e6ec387b9cec4">
      <![CDATA[org.openqa.selenium.NoSuchElementException: no such element: Unable to locate element: {"method":"css selector","selector":"*[name='user_name']"}
  (Session info: chrome=126.0.6478.61)
For documentation on this error, please visit: https://www.selenium.dev/documentation/webdriver/troubleshooting/errors#no-such-element-exception
Build info: version: '4.18.1', revision: 'b1d3319b48'
System info: os.name: 'Windows 10', os.arch: 'amd64', os.version: '10.0', java.version: '17.0.9'
Driver info: org.openqa.selenium.chrome.ChromeDriver
Command: [2500841530b0caf98f0e6ec387b9cec4, findElement {using=name, value=user_name}]
Capabilities {acceptInsecureCerts: false, browserName: chrome, browserVersion: 126.0.6478.61, chrome: {chromedriverVersion: 126.0.6478.62 (b2781ca4c383..., userDataDir: C:\Users\msamo\AppData\Loca...}, fedcm:accounts: true, goog:chromeOptions: {debuggerAddress: localhost:56356}, networkConnectionEnabled: false, pageLoadStrategy: normal, platformName: windows, proxy: Proxy(), se:cdp: ws://localhost:56356/devtoo..., se:cdpVersion: 126.0.6478.61, setWindowRect: true, strictFileInteractability: false, timeouts: {implicit: 0, pageLoad: 300000, script: 30000}, unhandledPromptBehavior: dismiss and notify, webauthn:extension:credBlob: true, webauthn:extension:largeBlob: true, webauthn:extension:minPinLength: true, webauthn:extension:prf: true, webauthn:virtualAuthenticators: true}
Session ID: 2500841530b0caf98f0e6ec387b9cec4
at org.openqa.selenium.remote.ErrorCodec.decode(ErrorCodec.java:167)
at org.openqa.selenium.remote.codec.w3c.W3CHttpResponseCodec.decode(W3CHttpResponseCodec.java:138)
at org.openqa.selenium.remote.codec.w3c.W3CHttpResponseCodec.decode(W3CHttpResponseCodec.java:50)
at org.openqa.selenium.remote.HttpCommandExecutor.execute(HttpCommandExecutor.java:190)
at org.openqa.selenium.remote.service.DriverCommandExecutor.invokeExecute(DriverCommandExecutor.java:216)
at org.openqa.selenium.remote.service.DriverCommandExecutor.execute(DriverCommandExecutor.java:174)
at org.openqa.selenium.remote.RemoteWebDriver.execute(RemoteWebDriver.java:519)
at org.openqa.selenium.remote.ElementLocation$ElementFinder$2.findElement(ElementLocation.java:165)
at org.openqa.selenium.remote.ElementLocation.findElement(ElementLocation.java:59)
at org.openqa.selenium.remote.RemoteWebDriver.findElement(RemoteWebDriver.java:356)
at org.openqa.selenium.remote.RemoteWebDriver.findElement(RemoteWebDriver.java:350)
at org.openqa.selenium.support.pagefactory.DefaultElementLocator.findElement(DefaultElementLocator.java:68)
at org.openqa.selenium.support.pagefactory.internal.LocatingElementHandler.invoke(LocatingElementHandler.java:38)
at jdk.proxy2/jdk.proxy2.$Proxy16.sendKeys(Unknown Source)
at com.vtigercrm.pom.LoginPage.login(LoginPage.java:36)
at com.vtiger.baseutitlity.BaseClass.congigBM(BaseClass.java:66)
at java.base/java.util.ArrayList.forEach(ArrayList.java:1511)
at java.base/java.util.concurrent.FutureTask.run(FutureTask.java:264)
at java.base/java.util.concurrent.ThreadPoolExecutor.runWorker(ThreadPoolExecutor.java:1136)
at java.base/java.util.concurrent.ThreadPoolExecutor$Worker.run(ThreadPoolExecutor.java:635)
at java.base/java.lang.Thread.run(Thread.java:840)
... Removed 26 stack frames]]>
    </failure>
  </testcase> <!-- @BeforeMethod congigBM -->
  <testcase classname="com.vtiger.baseutitlity.BaseClass" name="@AfterMethod congigAM" time="0.0">
    <skipped/>
  </testcase> <!-- @AfterMethod congigAM -->
  <testcase classname="com.vtiger.baseutitlity.BaseClass" name="@BeforeMethod congigBM" time="0.0">
    <skipped/>
  </testcase> <!-- @BeforeMethod congigBM -->
  <testcase classname="com.vtiger.baseutitlity.BaseClass" name="@AfterMethod congigAM" time="0.0">
    <skipped/>
  </testcase> <!-- @AfterMethod congigAM -->
  <testcase classname="com.vtiger.baseutitlity.BaseClass" name="@BeforeMethod congigBM" time="0.0">
    <skipped/>
  </testcase> <!-- @BeforeMethod congigBM -->
  <testcase classname="com.vtiger.baseutitlity.BaseClass" name="@AfterMethod congigAM" time="0.0">
    <skipped/>
  </testcase> <!-- @AfterMethod congigAM -->
  <testcase classname="com.vtiger.baseutitlity.BaseClass" name="@BeforeMethod congigBM" time="0.0">
    <skipped/>
  </testcase> <!-- @BeforeMethod congigBM -->
  <testcase classname="com.vtiger.baseutitlity.BaseClass" name="@AfterMethod congigAM" time="0.0">
    <skipped/>
  </testcase> <!-- @AfterMethod congigAM -->
  <testcase classname="com.vtiger.baseutitlity.BaseClass" name="@AfterClass congigAC" time="0.0">
    <skipped/>
  </testcase> <!-- @AfterClass congigAC -->
  <testcase classname="com.vtigercrm.orgTest.CreatOrgTest" name="creatorgwithindustryTest" time="0.0">
    <skipped/>
  </testcase> <!-- creatorgwithindustryTest -->
  <testcase classname="com.vtigercrm.orgTest.CreatOrgTest" name="creatorgwithmandfieldTest" time="0.0">
    <skipped/>
  </testcase> <!-- creatorgwithmandfieldTest -->
  <testcase classname="com.vtigercrm.orgTest.CreatOrgTest" name="creatorgwithphnumTest" time="0.0">
    <skipped/>
  </testcase> <!-- creatorgwithphnumTest -->
  <testcase classname="com.vtigercrm.orgTest.CreatOrgTest" name="deleteOrgTest" time="0.0">
    <skipped/>
  </testcase> <!-- deleteOrgTest -->
</testsuite> <!-- orgTest -->
